<?xml version="1.0" encoding="UTF-8"?>
<!-- Generated by org.testng.reporters.JUnitReportReporter -->
<testsuite skipped="0" hostname="Siri-PC" name="employeeList.testcases.EmployeeTest" tests="1" failures="0" timestamp="29 Mar 2021 06:44:17 GMT" time="136.000" errors="0">
  <testcase name="runEmployeeList" time="136.000" classname="employeeList.testcases.EmployeeTest"/>
</testsuite> <!-- employeeList.testcases.EmployeeTest -->
