<?xml version="1.0" encoding="UTF-8"?>
<!-- Generated by org.testng.reporters.JUnitReportReporter -->
<testsuite skipped="0" hostname="Siri-PC" name="employeeList.testcases.EmployeeTest" tests="1" failures="0" timestamp="03 Apr 2021 03:36:09 GMT" time="137.287" errors="0">
  <testcase name="runEmployeeList" time="137.287" classname="employeeList.testcases.EmployeeTest"/>
</testsuite> <!-- employeeList.testcases.EmployeeTest -->
